[2017-06-03 13:41:15 : LOG_ERROR] start logging
[2017-06-03 13:41:15 : LOG_ERROR] nsert 
[2017-06-03 13:41:15 : LOG_ERROR] head is null..create
[2017-06-03 13:41:15 : LOG_ERROR] t 
[2017-06-03 13:41:15 : LOG_ERROR] head exists..append
[2017-06-03 13:41:15 : LOG_ERROR] ÿD
[2017-06-03 13:41:15 : LOG_ERROR] head exists..append
[2017-06-03 13:41:15 : LOG_ERROR] create
[2017-06-03 13:41:15 : LOG_ERROR] head exists..append
[2017-06-03 13:43:43 : LOG_ERROR] start logging
[2017-06-03 13:43:43 : LOG_ERROR] nsert 
[2017-06-03 13:43:43 : LOG_ERROR] head is null..create
[2017-06-03 13:43:43 : LOG_ERROR] t 
[2017-06-03 13:43:43 : LOG_ERROR] head exists..append
[2017-06-03 13:43:43 : LOG_ERROR] is 
[2017-06-03 13:43:43 : LOG_ERROR] 
[2017-06-03 13:43:43 : LOG_ERROR] head exists..append
[2017-06-03 13:43:43 : LOG_ERROR] ~ûÿÿ
[2017-06-03 13:43:43 : LOG_ERROR] create
[2017-06-03 13:43:43 : LOG_ERROR] head exists..append
[2017-06-03 13:43:43 : LOG_ERROR] 
[2017-06-03 13:45:29 : LOG_ERROR] start logging
[2017-06-03 13:45:29 : LOG_ERROR] nsert 
[2017-06-03 13:45:29 : LOG_ERROR] t 
[2017-06-03 13:45:29 : LOG_ERROR] 
[2017-06-03 13:45:29 : LOG_ERROR] create
[2017-06-03 13:46:21 : LOG_ERROR] start logging
[2017-06-03 13:54:18 : LOG_ERROR] start logging
[2017-06-03 13:55:46 : LOG_ERROR] start logging
[2017-06-03 17:16:52 : LOG_ERROR] start logging
[2017-06-03 17:17:05 : LOG_ERROR] start logging
[2017-06-03 17:17:46 : LOG_ERROR] start logging
[2017-06-03 17:30:50 : LOG_ERROR] start logging
[2017-06-03 17:35:41 : LOG_ERROR] start logging
[2017-06-03 17:36:09 : LOG_ERROR] start logging
[2017-06-03 17:36:16 : LOG_ERROR] start logging
